<?xml version="1.0" encoding="UTF-8"?>
<testng-results skipped="0" failed="0" ignored="0" total="3" passed="3">
  <reporter-output>
  </reporter-output>
  <suite name="Default suite" duration-ms="29678" started-at="2019-01-19T10:46:21Z" finished-at="2019-01-19T10:46:51Z">
    <groups>
    </groups>
    <test name="Default test" duration-ms="29678" started-at="2019-01-19T10:46:21Z" finished-at="2019-01-19T10:46:51Z">
      <class name="googleTests.GoogleSigninTest">
        <test-method status="PASS" signature="initPageObjects()[pri:0, instance:googleTests.GoogleSigninTest@1593948d]" name="initPageObjects" is-config="true" duration-ms="78" started-at="2019-01-19T10:46:21Z" finished-at="2019-01-19T10:46:21Z">
          <reporter-output>
          </reporter-output>
        </test-method> <!-- initPageObjects -->
        <test-method status="PASS" signature="googleReach()[pri:0, instance:googleTests.GoogleSigninTest@1593948d]" name="googleReach" is-config="true" duration-ms="12358" started-at="2019-01-19T10:46:21Z" finished-at="2019-01-19T10:46:34Z">
          <reporter-output>
          </reporter-output>
        </test-method> <!-- googleReach -->
        <test-method status="PASS" signature="loginToGoogle()[pri:1, instance:googleTests.GoogleSigninTest@1593948d]" name="loginToGoogle" duration-ms="8649" started-at="2019-01-19T10:46:34Z" finished-at="2019-01-19T10:46:42Z">
          <reporter-output>
          </reporter-output>
        </test-method> <!-- loginToGoogle -->
        <test-method status="PASS" signature="signInForm()[pri:2, instance:googleTests.GoogleSigninTest@1593948d]" name="signInForm" duration-ms="3481" started-at="2019-01-19T10:46:42Z" finished-at="2019-01-19T10:46:46Z">
          <reporter-output>
          </reporter-output>
        </test-method> <!-- signInForm -->
        <test-method status="PASS" signature="assertAccountLogged()[pri:3, instance:googleTests.GoogleSigninTest@1593948d]" name="assertAccountLogged" duration-ms="3663" started-at="2019-01-19T10:46:46Z" finished-at="2019-01-19T10:46:50Z">
          <reporter-output>
          </reporter-output>
        </test-method> <!-- assertAccountLogged -->
        <test-method status="PASS" signature="closeBrowser()[pri:0, instance:googleTests.GoogleSigninTest@1593948d]" name="closeBrowser" is-config="true" duration-ms="1483" started-at="2019-01-19T10:46:50Z" finished-at="2019-01-19T10:46:51Z">
          <reporter-output>
          </reporter-output>
        </test-method> <!-- closeBrowser -->
      </class> <!-- googleTests.GoogleSigninTest -->
    </test> <!-- Default test -->
  </suite> <!-- Default suite -->
</testng-results>
